<?xml version="1.0" encoding="UTF-8"?>
<!-- Generated by org.testng.reporters.JUnitReportReporter -->
<testsuite hostname="VDAASW709179" name="com.qa.rest.test.GetCallBDD" tests="1" failures="0" timestamp="20 Mar 2019 09:44:23 GMT" time="3.606" errors="0">
  <testcase name="test_numberOfCircuitsFor2017_Season" time="3.606" classname="com.qa.rest.test.GetCallBDD"/>
</testsuite> <!-- com.qa.rest.test.GetCallBDD -->
